Arguments: 
  /usr/bin/node /usr/share/yarn/bin/yarn.js add --dev babel-core babel-loader babel-plugin-transform-class-properties babel-preset-es2015 babel-preset-react babel-preset-react webpack

PATH: 
  /home/sven/.cargo/bin:/home/sven/bin:/usr/local/bin:/home/sven/.config/yarn/global/node_modules/.bin:/home/sven/.cargo/bin:/home/sven/bin:/usr/local/java/jdk1.8/bin:/usr/local/sbin:/usr/local/bin:/usr/sbin:/usr/bin:/sbin:/bin:/usr/games:/usr/local/games:/snap/bin:/home/sven/tools/maven/bin:/home/sven/bin:/bin:/home/sven/projects/jruby-1.1.5/bin:/home/sven/tools/gradle-2.4/bin:/home/sven/.cargo/bin

Yarn version: 
  1.6.0

Node version: 
  8.11.2

Platform: 
  linux x64

Trace: 
  SyntaxError: /home/sven/ideaprojects/rs-bubble/package.json: Unexpected token { in JSON at position 90
      at JSON.parse (<anonymous>)
      at /usr/share/yarn/lib/cli.js:1130:59
      at Generator.next (<anonymous>)
      at step (/usr/share/yarn/lib/cli.js:98:30)
      at /usr/share/yarn/lib/cli.js:109:13
      at <anonymous>

npm manifest: 
  {
    "name": "rs-bubble",
    "version": "1.0.0",
    "main": "index.js",
    "license": "MIT"
  }
  {
      "name": "formiki",
      "version": "0.0.1",
      "main": "src/main.js",
      "author": "Sven Helmberger <sven.helmberger@quinscape.de>",
      "license": "ISC",
      "private": true,
      "dependencies": {
          "domready": "^1.0.8",
          "es6-promise-polyfill": "^1.2.0",
          "formik": "^0.11.11",
          "prop-types": "^15.6.1",
          "react": "^16.3.1",
          "react-dom": "^16.3.1"
      },
      "devDependencies": {
          "babel-core": "^6.26.0",
          "babel-loader": "^7.1.4",
          "babel-plugin-transform-class-properties": "^6.24.1",
          "babel-plugin-transform-imports": "^1.5.0",
          "babel-plugin-transform-react-remove-prop-types": "^0.4.13",
          "babel-preset-es2015": "^6.24.1",
          "babel-preset-react": "^6.24.1",
          "babel-register": "^6.26.0",
          "cross-env": "^5.1.4",
          "glob": "^7.1.2",
          "webpack": "^4.4.1",
          "webpack-cli": "^2.0.13"
      },
      "scripts": {
          "build": "cross-env NODE_ENV=production webpack -p",
          "build-dev": "cross-env NODE_ENV=development webpack --debug --output-pathinfo",
          "watch": "cross-env NODE_ENV=development webpack --debug --output-pathinfo -w"
      }
  }

yarn manifest: 
  No manifest

Lockfile: 
  No lockfile
